E:\IDE\VC6.0\MYPROJECT\CALCULATECOMPLEXITY\DEBUG\TSPPROBLEM.EXE
E:\IDE\VC6.0\MYPROJECT\CALCULATECOMPLEXITY\DEBUG\TSPPROBLEM.ILK
E:\IDE\VC6.0\MYPROJECT\CALCULATECOMPLEXITY\DEBUG\TSPPROBLEM.PDB
E:\IDE\VC6.0\MyProject\CalculateComplexity\TSPProblem\Debug\cl.command.1.tlog
E:\IDE\VC6.0\MyProject\CalculateComplexity\TSPProblem\Debug\CL.read.1.tlog
E:\IDE\VC6.0\MyProject\CalculateComplexity\TSPProblem\Debug\CL.write.1.tlog
E:\IDE\VC6.0\MyProject\CalculateComplexity\TSPProblem\Debug\link.3712.read.1.tlog
E:\IDE\VC6.0\MyProject\CalculateComplexity\TSPProblem\Debug\link.3712.write.1.tlog
E:\IDE\VC6.0\MyProject\CalculateComplexity\TSPProblem\Debug\link.3712-cvtres.read.1.tlog
E:\IDE\VC6.0\MyProject\CalculateComplexity\TSPProblem\Debug\link.3712-cvtres.write.1.tlog
E:\IDE\VC6.0\MyProject\CalculateComplexity\TSPProblem\Debug\link.command.1.tlog
E:\IDE\VC6.0\MyProject\CalculateComplexity\TSPProblem\Debug\link.read.1.tlog
E:\IDE\VC6.0\MyProject\CalculateComplexity\TSPProblem\Debug\link.write.1.tlog
E:\IDE\VC6.0\MyProject\CalculateComplexity\TSPProblem\Debug\link-cvtres.read.1.tlog
E:\IDE\VC6.0\MyProject\CalculateComplexity\TSPProblem\Debug\link-cvtres.write.1.tlog
E:\IDE\VC6.0\MyProject\CalculateComplexity\TSPProblem\Debug\mt.command.1.tlog
E:\IDE\VC6.0\MyProject\CalculateComplexity\TSPProblem\Debug\mt.read.1.tlog
E:\IDE\VC6.0\MyProject\CalculateComplexity\TSPProblem\Debug\mt.write.1.tlog
E:\IDE\VC6.0\MyProject\CalculateComplexity\TSPProblem\Debug\rc.command.1.tlog
E:\IDE\VC6.0\MyProject\CalculateComplexity\TSPProblem\Debug\rc.read.1.tlog
E:\IDE\VC6.0\MyProject\CalculateComplexity\TSPProblem\Debug\rc.write.1.tlog
E:\IDE\VC6.0\MYPROJECT\CALCULATECOMPLEXITY\TSPPROBLEM\DEBUG\STDAFX.OBJ
E:\IDE\VC6.0\MYPROJECT\CALCULATECOMPLEXITY\TSPPROBLEM\DEBUG\TSPPROBLEM.EXE.EMBED.MANIFEST
E:\IDE\VC6.0\MYPROJECT\CALCULATECOMPLEXITY\TSPPROBLEM\DEBUG\TSPPROBLEM.EXE.EMBED.MANIFEST.RES
E:\IDE\VC6.0\MYPROJECT\CALCULATECOMPLEXITY\TSPPROBLEM\DEBUG\TSPPROBLEM.EXE.INTERMEDIATE.MANIFEST
E:\IDE\VC6.0\MYPROJECT\CALCULATECOMPLEXITY\TSPPROBLEM\DEBUG\TSPPROBLEM.OBJ
E:\IDE\VC6.0\MYPROJECT\CALCULATECOMPLEXITY\TSPPROBLEM\DEBUG\TSPPROBLEM.PCH
E:\IDE\VC6.0\MyProject\CalculateComplexity\TSPProblem\Debug\TSPProblem.write.1.tlog
E:\IDE\VC6.0\MyProject\CalculateComplexity\TSPProblem\Debug\TSPProblem_manifest.rc
E:\IDE\VC6.0\MyProject\CalculateComplexity\TSPProblem\Debug\vc100.idb
E:\IDE\VC6.0\MYPROJECT\CALCULATECOMPLEXITY\TSPPROBLEM\DEBUG\VC100.PDB
