E:\IDE\VC6.0\MYPROJECT\CALCULATECOMPLEXITY\DEBUG\MAXFLOWKARP.EXE
E:\IDE\VC6.0\MYPROJECT\CALCULATECOMPLEXITY\DEBUG\MAXFLOWKARP.ILK
E:\IDE\VC6.0\MYPROJECT\CALCULATECOMPLEXITY\DEBUG\MAXFLOWKARP.PDB
E:\IDE\VC6.0\MyProject\CalculateComplexity\MaxFlowKarp\Debug\cl.command.1.tlog
E:\IDE\VC6.0\MyProject\CalculateComplexity\MaxFlowKarp\Debug\CL.read.1.tlog
E:\IDE\VC6.0\MyProject\CalculateComplexity\MaxFlowKarp\Debug\CL.write.1.tlog
E:\IDE\VC6.0\MyProject\CalculateComplexity\MaxFlowKarp\Debug\link.5056.read.1.tlog
E:\IDE\VC6.0\MyProject\CalculateComplexity\MaxFlowKarp\Debug\link.5056.write.1.tlog
E:\IDE\VC6.0\MyProject\CalculateComplexity\MaxFlowKarp\Debug\link.5056-cvtres.read.1.tlog
E:\IDE\VC6.0\MyProject\CalculateComplexity\MaxFlowKarp\Debug\link.5056-cvtres.write.1.tlog
E:\IDE\VC6.0\MyProject\CalculateComplexity\MaxFlowKarp\Debug\link.command.1.tlog
E:\IDE\VC6.0\MyProject\CalculateComplexity\MaxFlowKarp\Debug\link.read.1.tlog
E:\IDE\VC6.0\MyProject\CalculateComplexity\MaxFlowKarp\Debug\link.write.1.tlog
E:\IDE\VC6.0\MyProject\CalculateComplexity\MaxFlowKarp\Debug\link-cvtres.read.1.tlog
E:\IDE\VC6.0\MyProject\CalculateComplexity\MaxFlowKarp\Debug\link-cvtres.write.1.tlog
E:\IDE\VC6.0\MYPROJECT\CALCULATECOMPLEXITY\MAXFLOWKARP\DEBUG\MAXFLOWKARP.EXE.EMBED.MANIFEST
E:\IDE\VC6.0\MYPROJECT\CALCULATECOMPLEXITY\MAXFLOWKARP\DEBUG\MAXFLOWKARP.EXE.EMBED.MANIFEST.RES
E:\IDE\VC6.0\MYPROJECT\CALCULATECOMPLEXITY\MAXFLOWKARP\DEBUG\MAXFLOWKARP.EXE.INTERMEDIATE.MANIFEST
E:\IDE\VC6.0\MYPROJECT\CALCULATECOMPLEXITY\MAXFLOWKARP\DEBUG\MAXFLOWKARP.OBJ
E:\IDE\VC6.0\MYPROJECT\CALCULATECOMPLEXITY\MAXFLOWKARP\DEBUG\MAXFLOWKARP.PCH
E:\IDE\VC6.0\MyProject\CalculateComplexity\MaxFlowKarp\Debug\MaxFlowKarp.write.1.tlog
E:\IDE\VC6.0\MyProject\CalculateComplexity\MaxFlowKarp\Debug\MaxFlowKarp_manifest.rc
E:\IDE\VC6.0\MyProject\CalculateComplexity\MaxFlowKarp\Debug\mt.command.1.tlog
E:\IDE\VC6.0\MyProject\CalculateComplexity\MaxFlowKarp\Debug\mt.read.1.tlog
E:\IDE\VC6.0\MyProject\CalculateComplexity\MaxFlowKarp\Debug\mt.write.1.tlog
E:\IDE\VC6.0\MyProject\CalculateComplexity\MaxFlowKarp\Debug\rc.command.1.tlog
E:\IDE\VC6.0\MyProject\CalculateComplexity\MaxFlowKarp\Debug\rc.read.1.tlog
E:\IDE\VC6.0\MyProject\CalculateComplexity\MaxFlowKarp\Debug\rc.write.1.tlog
E:\IDE\VC6.0\MYPROJECT\CALCULATECOMPLEXITY\MAXFLOWKARP\DEBUG\STDAFX.OBJ
E:\IDE\VC6.0\MyProject\CalculateComplexity\MaxFlowKarp\Debug\vc100.idb
E:\IDE\VC6.0\MYPROJECT\CALCULATECOMPLEXITY\MAXFLOWKARP\DEBUG\VC100.PDB
