生成启动时间为 2017/3/13 18:33:28。
     1>项目“E:\IDE\VC6.0\MyProject\HelloWorld\HaffmanTreeAndEncode\HaffmanTreeAndEncode.vcxproj”在节点 2 上(build 个目标)。
     1>InitializeBuildStatus:
         正在创建“Debug\HaffmanTreeAndEncode.unsuccessfulbuild”，因为已指定“AlwaysCreate”。
       ClCompile:
         所有输出均为最新。
         E:\IDE\VC6.0\VC\bin\CL.exe /c /ZI /nologo /W3 /WX- /Od /Oy- /D WIN32 /D _DEBUG /D _CONSOLE /D _UNICODE /D UNICODE /Gm /EHsc /RTC1 /MDd /GS /fp:precise /Zc:wchar_t /Zc:forScope /Yu"StdAfx.h" /Fp"Debug\HaffmanTreeAndEncode.pch" /Fo"Debug\\" /Fd"Debug\vc100.pdb" /Gd /TP /analyze- /errorReport:prompt HaffmanTreeAndEncode.cpp
         HaffmanTreeAndEncode.cpp
     1>e:\ide\vc6.0\myproject\helloworld\haffmantreeandencode\haffmantreeandencode.cpp(79): warning C4996: 'strcpy': This function or variable may be unsafe. Consider using strcpy_s instead. To disable deprecation, use _CRT_SECURE_NO_WARNINGS. See online help for details.
                 e:\ide\vc6.0\vc\include\string.h(105) : 参见“strcpy”的声明
       ManifestResourceCompile:
         所有输出均为最新。
       Link:
         E:\IDE\VC6.0\VC\bin\link.exe /ERRORREPORT:PROMPT /OUT:"E:\IDE\VC6.0\MyProject\HelloWorld\Debug\HaffmanTreeAndEncode.exe" /INCREMENTAL /NOLOGO kernel32.lib user32.lib gdi32.lib winspool.lib comdlg32.lib advapi32.lib shell32.lib ole32.lib oleaut32.lib uuid.lib odbc32.lib odbccp32.lib /MANIFEST /ManifestFile:"Debug\HaffmanTreeAndEncode.exe.intermediate.manifest" /MANIFESTUAC:"level='asInvoker' uiAccess='false'" /DEBUG /PDB:"E:\IDE\VC6.0\MyProject\HelloWorld\Debug\HaffmanTreeAndEncode.pdb" /SUBSYSTEM:CONSOLE /TLBID:1 /DYNAMICBASE /NXCOMPAT /IMPLIB:"E:\IDE\VC6.0\MyProject\HelloWorld\Debug\HaffmanTreeAndEncode.lib" /MACHINE:X86 Debug\HaffmanTreeAndEncode.exe.embed.manifest.res
         Debug\HaffmanTreeAndEncode.obj
         Debug\stdafx.obj
       Manifest:
         C:\Program Files (x86)\Microsoft SDKs\Windows\v7.0A\bin\mt.exe /nologo /verbose /out:"Debug\HaffmanTreeAndEncode.exe.embed.manifest" /manifest Debug\HaffmanTreeAndEncode.exe.intermediate.manifest
         所有输出均为最新。
       LinkEmbedManifest:
         所有输出均为最新。
         HaffmanTreeAndEncode.vcxproj -> E:\IDE\VC6.0\MyProject\HelloWorld\Debug\HaffmanTreeAndEncode.exe
       FinalizeBuildStatus:
         正在删除文件“Debug\HaffmanTreeAndEncode.unsuccessfulbuild”。
         正在对“Debug\HaffmanTreeAndEncode.lastbuildstate”执行 Touch 任务。
     1>已完成生成项目“E:\IDE\VC6.0\MyProject\HelloWorld\HaffmanTreeAndEncode\HaffmanTreeAndEncode.vcxproj”(build 个目标)的操作。

生成成功。

已用时间 00:00:00.83
