生成启动时间为 2017/3/11 13:56:24。
     1>项目“E:\IDE\VC6.0\MyProject\HelloWorld\AdjacencyMatrixGraphicBFS\AdjacencyMatrixGraphicBFS.vcxproj”在节点 2 上(build 个目标)。
     1>InitializeBuildStatus:
         正在创建“Debug\AdjacencyMatrixGraphicBFS.unsuccessfulbuild”，因为已指定“AlwaysCreate”。
       ClCompile:
         所有输出均为最新。
         E:\IDE\VC6.0\VC\bin\CL.exe /c /ZI /nologo /W3 /WX- /Od /Oy- /D WIN32 /D _DEBUG /D _CONSOLE /D _UNICODE /D UNICODE /Gm /EHsc /RTC1 /MDd /GS /fp:precise /Zc:wchar_t /Zc:forScope /Yu"StdAfx.h" /Fp"Debug\AdjacencyMatrixGraphicBFS.pch" /Fo"Debug\\" /Fd"Debug\vc100.pdb" /Gd /TP /analyze- /errorReport:prompt AdjacencyMatrixGraphicBFS.cpp
         AdjacencyMatrixGraphicBFS.cpp
       ManifestResourceCompile:
         所有输出均为最新。
       Link:
         E:\IDE\VC6.0\VC\bin\link.exe /ERRORREPORT:PROMPT /OUT:"E:\IDE\VC6.0\MyProject\HelloWorld\Debug\AdjacencyMatrixGraphicBFS.exe" /INCREMENTAL /NOLOGO kernel32.lib user32.lib gdi32.lib winspool.lib comdlg32.lib advapi32.lib shell32.lib ole32.lib oleaut32.lib uuid.lib odbc32.lib odbccp32.lib /MANIFEST /ManifestFile:"Debug\AdjacencyMatrixGraphicBFS.exe.intermediate.manifest" /MANIFESTUAC:"level='asInvoker' uiAccess='false'" /DEBUG /PDB:"E:\IDE\VC6.0\MyProject\HelloWorld\Debug\AdjacencyMatrixGraphicBFS.pdb" /SUBSYSTEM:CONSOLE /TLBID:1 /DYNAMICBASE /NXCOMPAT /IMPLIB:"E:\IDE\VC6.0\MyProject\HelloWorld\Debug\AdjacencyMatrixGraphicBFS.lib" /MACHINE:X86 Debug\AdjacencyMatrixGraphicBFS.exe.embed.manifest.res
         Debug\AdjacencyMatrixGraphicBFS.obj
         Debug\stdafx.obj
       Manifest:
         C:\Program Files (x86)\Microsoft SDKs\Windows\v7.0A\bin\mt.exe /nologo /verbose /out:"Debug\AdjacencyMatrixGraphicBFS.exe.embed.manifest" /manifest Debug\AdjacencyMatrixGraphicBFS.exe.intermediate.manifest
         所有输出均为最新。
       LinkEmbedManifest:
         所有输出均为最新。
         AdjacencyMatrixGraphicBFS.vcxproj -> E:\IDE\VC6.0\MyProject\HelloWorld\Debug\AdjacencyMatrixGraphicBFS.exe
       FinalizeBuildStatus:
         正在删除文件“Debug\AdjacencyMatrixGraphicBFS.unsuccessfulbuild”。
         正在对“Debug\AdjacencyMatrixGraphicBFS.lastbuildstate”执行 Touch 任务。
     1>已完成生成项目“E:\IDE\VC6.0\MyProject\HelloWorld\AdjacencyMatrixGraphicBFS\AdjacencyMatrixGraphicBFS.vcxproj”(build 个目标)的操作。

生成成功。

已用时间 00:00:03.98
