E:\IDE\VC6.0\MYPROJECT\CALCULATECOMPLEXITY\DEBUG\TCPRPCSERVER.EXE
E:\IDE\VC6.0\MYPROJECT\CALCULATECOMPLEXITY\DEBUG\TCPRPCSERVER.ILK
E:\IDE\VC6.0\MYPROJECT\CALCULATECOMPLEXITY\DEBUG\TCPRPCSERVER.PDB
E:\IDE\VC6.0\MyProject\CalculateComplexity\TcpRpcServer\Debug\cl.command.1.tlog
E:\IDE\VC6.0\MyProject\CalculateComplexity\TcpRpcServer\Debug\CL.read.1.tlog
E:\IDE\VC6.0\MyProject\CalculateComplexity\TcpRpcServer\Debug\CL.write.1.tlog
E:\IDE\VC6.0\MyProject\CalculateComplexity\TcpRpcServer\Debug\link.1272.read.1.tlog
E:\IDE\VC6.0\MyProject\CalculateComplexity\TcpRpcServer\Debug\link.1272.write.1.tlog
E:\IDE\VC6.0\MyProject\CalculateComplexity\TcpRpcServer\Debug\link.1272-cvtres.read.1.tlog
E:\IDE\VC6.0\MyProject\CalculateComplexity\TcpRpcServer\Debug\link.1272-cvtres.write.1.tlog
E:\IDE\VC6.0\MyProject\CalculateComplexity\TcpRpcServer\Debug\link.3664.read.1.tlog
E:\IDE\VC6.0\MyProject\CalculateComplexity\TcpRpcServer\Debug\link.3664.write.1.tlog
E:\IDE\VC6.0\MyProject\CalculateComplexity\TcpRpcServer\Debug\link.3664-cvtres.read.1.tlog
E:\IDE\VC6.0\MyProject\CalculateComplexity\TcpRpcServer\Debug\link.3664-cvtres.write.1.tlog
E:\IDE\VC6.0\MyProject\CalculateComplexity\TcpRpcServer\Debug\link.4740.read.1.tlog
E:\IDE\VC6.0\MyProject\CalculateComplexity\TcpRpcServer\Debug\link.4740.write.1.tlog
E:\IDE\VC6.0\MyProject\CalculateComplexity\TcpRpcServer\Debug\link.4740-cvtres.read.1.tlog
E:\IDE\VC6.0\MyProject\CalculateComplexity\TcpRpcServer\Debug\link.4740-cvtres.write.1.tlog
E:\IDE\VC6.0\MyProject\CalculateComplexity\TcpRpcServer\Debug\link.4996.read.1.tlog
E:\IDE\VC6.0\MyProject\CalculateComplexity\TcpRpcServer\Debug\link.4996.write.1.tlog
E:\IDE\VC6.0\MyProject\CalculateComplexity\TcpRpcServer\Debug\link.4996-cvtres.read.1.tlog
E:\IDE\VC6.0\MyProject\CalculateComplexity\TcpRpcServer\Debug\link.4996-cvtres.write.1.tlog
E:\IDE\VC6.0\MyProject\CalculateComplexity\TcpRpcServer\Debug\link.command.1.tlog
E:\IDE\VC6.0\MyProject\CalculateComplexity\TcpRpcServer\Debug\link.read.1.tlog
E:\IDE\VC6.0\MyProject\CalculateComplexity\TcpRpcServer\Debug\link.write.1.tlog
E:\IDE\VC6.0\MyProject\CalculateComplexity\TcpRpcServer\Debug\link-cvtres.read.1.tlog
E:\IDE\VC6.0\MyProject\CalculateComplexity\TcpRpcServer\Debug\link-cvtres.write.1.tlog
E:\IDE\VC6.0\MyProject\CalculateComplexity\TcpRpcServer\Debug\mt.command.1.tlog
E:\IDE\VC6.0\MyProject\CalculateComplexity\TcpRpcServer\Debug\mt.read.1.tlog
E:\IDE\VC6.0\MyProject\CalculateComplexity\TcpRpcServer\Debug\mt.write.1.tlog
E:\IDE\VC6.0\MyProject\CalculateComplexity\TcpRpcServer\Debug\rc.command.1.tlog
E:\IDE\VC6.0\MyProject\CalculateComplexity\TcpRpcServer\Debug\rc.read.1.tlog
E:\IDE\VC6.0\MyProject\CalculateComplexity\TcpRpcServer\Debug\rc.write.1.tlog
E:\IDE\VC6.0\MYPROJECT\CALCULATECOMPLEXITY\TCPRPCSERVER\DEBUG\STDAFX.OBJ
E:\IDE\VC6.0\MYPROJECT\CALCULATECOMPLEXITY\TCPRPCSERVER\DEBUG\TCPRPCSERVER.EXE.EMBED.MANIFEST
E:\IDE\VC6.0\MYPROJECT\CALCULATECOMPLEXITY\TCPRPCSERVER\DEBUG\TCPRPCSERVER.EXE.EMBED.MANIFEST.RES
E:\IDE\VC6.0\MYPROJECT\CALCULATECOMPLEXITY\TCPRPCSERVER\DEBUG\TCPRPCSERVER.EXE.INTERMEDIATE.MANIFEST
E:\IDE\VC6.0\MYPROJECT\CALCULATECOMPLEXITY\TCPRPCSERVER\DEBUG\TCPRPCSERVER.OBJ
E:\IDE\VC6.0\MYPROJECT\CALCULATECOMPLEXITY\TCPRPCSERVER\DEBUG\TCPRPCSERVER.PCH
E:\IDE\VC6.0\MyProject\CalculateComplexity\TcpRpcServer\Debug\TcpRpcServer.vcxprojResolveAssemblyReference.cache
E:\IDE\VC6.0\MyProject\CalculateComplexity\TcpRpcServer\Debug\TcpRpcServer.write.1.tlog
E:\IDE\VC6.0\MyProject\CalculateComplexity\TcpRpcServer\Debug\TcpRpcServer_manifest.rc
E:\IDE\VC6.0\MyProject\CalculateComplexity\TcpRpcServer\Debug\vc100.idb
E:\IDE\VC6.0\MYPROJECT\CALCULATECOMPLEXITY\TCPRPCSERVER\DEBUG\VC100.PDB
