生成启动时间为 2017/6/14 14:32:00。
     1>项目“E:\IDE\VC6.0\MyProject\CalculateComplexity\WindowsCoreProgrammerDll\WindowsCoreProgrammerDll.vcxproj”在节点 2 上(build 个目标)。
     1>InitializeBuildStatus:
         正在对“Debug\WindowsCoreProgrammerDll.unsuccessfulbuild”执行 Touch 任务。
       ClCompile:
         所有输出均为最新。
         E:\IDE\VC6.0\VC\bin\CL.exe /c /ZI /nologo /W3 /WX- /Od /Oy- /D WIN32 /D _DEBUG /D _CONSOLE /D _UNICODE /D UNICODE /Gm /EHsc /RTC1 /MDd /GS /fp:precise /Zc:wchar_t /Zc:forScope /Yu"StdAfx.h" /Fp"Debug\WindowsCoreProgrammerDll.pch" /Fo"Debug\\" /Fd"Debug\vc100.pdb" /Gd /TP /analyze- /errorReport:prompt WindowsCoreProgrammerDll.cpp
         WindowsCoreProgrammerDll.cpp
     1>e:\ide\vc6.0\myproject\calculatecomplexity\windowscoreprogrammerdll\cmnhdr.h(17): warning C4005: “_WIN32_WINNT”: 宏重定义
                 c:\program files (x86)\microsoft sdks\windows\v7.0a\include\sdkddkver.h(197) : 参见“_WIN32_WINNT”的前一个定义
     1>e:\ide\vc6.0\myproject\calculatecomplexity\windowscoreprogrammerdll\cmnhdr.h(18): warning C4005: “WINVER”: 宏重定义
                 c:\program files (x86)\microsoft sdks\windows\v7.0a\include\sdkddkver.h(212) : 参见“WINVER”的前一个定义
       ResourceCompile:
         所有输出均为最新。
       ManifestResourceCompile:
         所有输出均为最新。
       Link:
         E:\IDE\VC6.0\VC\bin\link.exe /ERRORREPORT:PROMPT /OUT:"E:\IDE\VC6.0\MyProject\CalculateComplexity\Debug\WindowsCoreProgrammerDll.exe" /INCREMENTAL /NOLOGO kernel32.lib user32.lib gdi32.lib winspool.lib comdlg32.lib advapi32.lib shell32.lib ole32.lib oleaut32.lib uuid.lib odbc32.lib odbccp32.lib /MANIFEST /ManifestFile:"Debug\WindowsCoreProgrammerDll.exe.intermediate.manifest" /MANIFESTUAC:"level='asInvoker' uiAccess='false'" /DEBUG /PDB:"E:\IDE\VC6.0\MyProject\CalculateComplexity\Debug\WindowsCoreProgrammerDll.pdb" /SUBSYSTEM:CONSOLE /TLBID:1 /DYNAMICBASE /NXCOMPAT /IMPLIB:"E:\IDE\VC6.0\MyProject\CalculateComplexity\Debug\WindowsCoreProgrammerDll.lib" /MACHINE:X86 Debug\WindowsCoreProgrammerDll.res
         Debug\WindowsCoreProgrammerDll.exe.embed.manifest.res
         Debug\stdafx.obj
         Debug\WindowsCoreProgrammerDll.obj
       Manifest:
         C:\Program Files (x86)\Microsoft SDKs\Windows\v7.0A\bin\mt.exe /nologo /verbose /out:"Debug\WindowsCoreProgrammerDll.exe.embed.manifest" /manifest Debug\WindowsCoreProgrammerDll.exe.intermediate.manifest
         C:\Program Files (x86)\Microsoft SDKs\Windows\v7.0A\bin\rc.exe /nologo /fo"Debug\WindowsCoreProgrammerDll.exe.embed.manifest.res" Debug\WindowsCoreProgrammerDll_manifest.rc 
       LinkEmbedManifest:
         E:\IDE\VC6.0\VC\bin\link.exe /ERRORREPORT:PROMPT /OUT:"E:\IDE\VC6.0\MyProject\CalculateComplexity\Debug\WindowsCoreProgrammerDll.exe" /INCREMENTAL /NOLOGO kernel32.lib user32.lib gdi32.lib winspool.lib comdlg32.lib advapi32.lib shell32.lib ole32.lib oleaut32.lib uuid.lib odbc32.lib odbccp32.lib /MANIFEST /ManifestFile:"Debug\WindowsCoreProgrammerDll.exe.intermediate.manifest" /MANIFESTUAC:"level='asInvoker' uiAccess='false'" /DEBUG /PDB:"E:\IDE\VC6.0\MyProject\CalculateComplexity\Debug\WindowsCoreProgrammerDll.pdb" /SUBSYSTEM:CONSOLE /TLBID:1 /DYNAMICBASE /NXCOMPAT /IMPLIB:"E:\IDE\VC6.0\MyProject\CalculateComplexity\Debug\WindowsCoreProgrammerDll.lib" /MACHINE:X86 Debug\WindowsCoreProgrammerDll.res
         Debug\WindowsCoreProgrammerDll.exe.embed.manifest.res
         Debug\stdafx.obj
         Debug\WindowsCoreProgrammerDll.obj
         WindowsCoreProgrammerDll.vcxproj -> E:\IDE\VC6.0\MyProject\CalculateComplexity\Debug\WindowsCoreProgrammerDll.exe
       FinalizeBuildStatus:
         正在删除文件“Debug\WindowsCoreProgrammerDll.unsuccessfulbuild”。
         正在对“Debug\WindowsCoreProgrammerDll.lastbuildstate”执行 Touch 任务。
     1>已完成生成项目“E:\IDE\VC6.0\MyProject\CalculateComplexity\WindowsCoreProgrammerDll\WindowsCoreProgrammerDll.vcxproj”(build 个目标)的操作。

生成成功。

已用时间 00:00:04.70
