生成启动时间为 2017/7/26 14:26:17。
     1>项目“E:\IDE\VC6.0\MyProject\CalculateComplexity\TrainDispatch\TrainDispatch.vcxproj”在节点 2 上(build 个目标)。
     1>InitializeBuildStatus:
         正在创建“Debug\TrainDispatch.unsuccessfulbuild”，因为已指定“AlwaysCreate”。
       ClCompile:
         所有输出均为最新。
         E:\IDE\VC6.0\VC\bin\CL.exe /c /ZI /nologo /W3 /WX- /Od /Oy- /D WIN32 /D _DEBUG /D _CONSOLE /D _UNICODE /D UNICODE /Gm /EHsc /RTC1 /MDd /GS /fp:precise /Zc:wchar_t /Zc:forScope /Yu"StdAfx.h" /Fp"Debug\TrainDispatch.pch" /Fo"Debug\\" /Fd"Debug\vc100.pdb" /Gd /TP /analyze- /errorReport:prompt TrainDispatch.cpp
         TrainDispatch.cpp
     1>e:\ide\vc6.0\myproject\calculatecomplexity\traindispatch\traindispatch.cpp(16): warning C4996: 'scanf': This function or variable may be unsafe. Consider using scanf_s instead. To disable deprecation, use _CRT_SECURE_NO_WARNINGS. See online help for details.
                 e:\ide\vc6.0\vc\include\stdio.h(304) : 参见“scanf”的声明
     1>e:\ide\vc6.0\myproject\calculatecomplexity\traindispatch\traindispatch.cpp(17): warning C4996: 'scanf': This function or variable may be unsafe. Consider using scanf_s instead. To disable deprecation, use _CRT_SECURE_NO_WARNINGS. See online help for details.
                 e:\ide\vc6.0\vc\include\stdio.h(304) : 参见“scanf”的声明
     1>e:\ide\vc6.0\myproject\calculatecomplexity\traindispatch\traindispatch.cpp(20): warning C4996: 'scanf': This function or variable may be unsafe. Consider using scanf_s instead. To disable deprecation, use _CRT_SECURE_NO_WARNINGS. See online help for details.
                 e:\ide\vc6.0\vc\include\stdio.h(304) : 参见“scanf”的声明
       ManifestResourceCompile:
         所有输出均为最新。
       Link:
         E:\IDE\VC6.0\VC\bin\link.exe /ERRORREPORT:PROMPT /OUT:"E:\IDE\VC6.0\MyProject\CalculateComplexity\Debug\TrainDispatch.exe" /INCREMENTAL /NOLOGO kernel32.lib user32.lib gdi32.lib winspool.lib comdlg32.lib advapi32.lib shell32.lib ole32.lib oleaut32.lib uuid.lib odbc32.lib odbccp32.lib /MANIFEST /ManifestFile:"Debug\TrainDispatch.exe.intermediate.manifest" /MANIFESTUAC:"level='asInvoker' uiAccess='false'" /DEBUG /PDB:"E:\IDE\VC6.0\MyProject\CalculateComplexity\Debug\TrainDispatch.pdb" /SUBSYSTEM:CONSOLE /TLBID:1 /DYNAMICBASE /NXCOMPAT /IMPLIB:"E:\IDE\VC6.0\MyProject\CalculateComplexity\Debug\TrainDispatch.lib" /MACHINE:X86 Debug\TrainDispatch.exe.embed.manifest.res
         Debug\stdafx.obj
         Debug\TrainDispatch.obj
       Manifest:
         C:\Program Files (x86)\Microsoft SDKs\Windows\v7.0A\bin\mt.exe /nologo /verbose /out:"Debug\TrainDispatch.exe.embed.manifest" /manifest Debug\TrainDispatch.exe.intermediate.manifest
         所有输出均为最新。
       LinkEmbedManifest:
         所有输出均为最新。
         TrainDispatch.vcxproj -> E:\IDE\VC6.0\MyProject\CalculateComplexity\Debug\TrainDispatch.exe
       FinalizeBuildStatus:
         正在删除文件“Debug\TrainDispatch.unsuccessfulbuild”。
         正在对“Debug\TrainDispatch.lastbuildstate”执行 Touch 任务。
     1>已完成生成项目“E:\IDE\VC6.0\MyProject\CalculateComplexity\TrainDispatch\TrainDispatch.vcxproj”(build 个目标)的操作。

生成成功。

已用时间 00:00:08.13
