E:\IDE\VC6.0\MYPROJECT\CALCULATECOMPLEXITY\DEBUG\SETCOVERPROBLEM.EXE
E:\IDE\VC6.0\MYPROJECT\CALCULATECOMPLEXITY\DEBUG\SETCOVERPROBLEM.ILK
E:\IDE\VC6.0\MYPROJECT\CALCULATECOMPLEXITY\DEBUG\SETCOVERPROBLEM.PDB
E:\IDE\VC6.0\MyProject\CalculateComplexity\SetCoverProblem\Debug\cl.command.1.tlog
E:\IDE\VC6.0\MyProject\CalculateComplexity\SetCoverProblem\Debug\CL.read.1.tlog
E:\IDE\VC6.0\MyProject\CalculateComplexity\SetCoverProblem\Debug\CL.write.1.tlog
E:\IDE\VC6.0\MyProject\CalculateComplexity\SetCoverProblem\Debug\link.5056.read.1.tlog
E:\IDE\VC6.0\MyProject\CalculateComplexity\SetCoverProblem\Debug\link.5056.write.1.tlog
E:\IDE\VC6.0\MyProject\CalculateComplexity\SetCoverProblem\Debug\link.5056-cvtres.read.1.tlog
E:\IDE\VC6.0\MyProject\CalculateComplexity\SetCoverProblem\Debug\link.5056-cvtres.write.1.tlog
E:\IDE\VC6.0\MyProject\CalculateComplexity\SetCoverProblem\Debug\link.command.1.tlog
E:\IDE\VC6.0\MyProject\CalculateComplexity\SetCoverProblem\Debug\link.read.1.tlog
E:\IDE\VC6.0\MyProject\CalculateComplexity\SetCoverProblem\Debug\link.write.1.tlog
E:\IDE\VC6.0\MyProject\CalculateComplexity\SetCoverProblem\Debug\link-cvtres.read.1.tlog
E:\IDE\VC6.0\MyProject\CalculateComplexity\SetCoverProblem\Debug\link-cvtres.write.1.tlog
E:\IDE\VC6.0\MyProject\CalculateComplexity\SetCoverProblem\Debug\mt.command.1.tlog
E:\IDE\VC6.0\MyProject\CalculateComplexity\SetCoverProblem\Debug\mt.read.1.tlog
E:\IDE\VC6.0\MyProject\CalculateComplexity\SetCoverProblem\Debug\mt.write.1.tlog
E:\IDE\VC6.0\MyProject\CalculateComplexity\SetCoverProblem\Debug\rc.command.1.tlog
E:\IDE\VC6.0\MyProject\CalculateComplexity\SetCoverProblem\Debug\rc.read.1.tlog
E:\IDE\VC6.0\MyProject\CalculateComplexity\SetCoverProblem\Debug\rc.write.1.tlog
E:\IDE\VC6.0\MYPROJECT\CALCULATECOMPLEXITY\SETCOVERPROBLEM\DEBUG\SETCOVERPROBLEM.EXE.EMBED.MANIFEST
E:\IDE\VC6.0\MYPROJECT\CALCULATECOMPLEXITY\SETCOVERPROBLEM\DEBUG\SETCOVERPROBLEM.EXE.EMBED.MANIFEST.RES
E:\IDE\VC6.0\MYPROJECT\CALCULATECOMPLEXITY\SETCOVERPROBLEM\DEBUG\SETCOVERPROBLEM.EXE.INTERMEDIATE.MANIFEST
E:\IDE\VC6.0\MYPROJECT\CALCULATECOMPLEXITY\SETCOVERPROBLEM\DEBUG\SETCOVERPROBLEM.OBJ
E:\IDE\VC6.0\MYPROJECT\CALCULATECOMPLEXITY\SETCOVERPROBLEM\DEBUG\SETCOVERPROBLEM.PCH
E:\IDE\VC6.0\MyProject\CalculateComplexity\SetCoverProblem\Debug\SetCoverProblem.write.1.tlog
E:\IDE\VC6.0\MyProject\CalculateComplexity\SetCoverProblem\Debug\SetCoverProblem_manifest.rc
E:\IDE\VC6.0\MYPROJECT\CALCULATECOMPLEXITY\SETCOVERPROBLEM\DEBUG\STDAFX.OBJ
E:\IDE\VC6.0\MyProject\CalculateComplexity\SetCoverProblem\Debug\vc100.idb
E:\IDE\VC6.0\MYPROJECT\CALCULATECOMPLEXITY\SETCOVERPROBLEM\DEBUG\VC100.PDB
