E:\IDE\VC6.0\MYPROJECT\CALCULATECOMPLEXITY\DEBUG\RPCTCPCLIENT.EXE
E:\IDE\VC6.0\MYPROJECT\CALCULATECOMPLEXITY\DEBUG\RPCTCPCLIENT.ILK
E:\IDE\VC6.0\MYPROJECT\CALCULATECOMPLEXITY\DEBUG\RPCTCPCLIENT.PDB
E:\IDE\VC6.0\MyProject\CalculateComplexity\RpcTcpClient\Debug\cl.command.1.tlog
E:\IDE\VC6.0\MyProject\CalculateComplexity\RpcTcpClient\Debug\CL.read.1.tlog
E:\IDE\VC6.0\MyProject\CalculateComplexity\RpcTcpClient\Debug\CL.write.1.tlog
E:\IDE\VC6.0\MyProject\CalculateComplexity\RpcTcpClient\Debug\link.1828.read.1.tlog
E:\IDE\VC6.0\MyProject\CalculateComplexity\RpcTcpClient\Debug\link.1828.write.1.tlog
E:\IDE\VC6.0\MyProject\CalculateComplexity\RpcTcpClient\Debug\link.1828-cvtres.read.1.tlog
E:\IDE\VC6.0\MyProject\CalculateComplexity\RpcTcpClient\Debug\link.1828-cvtres.write.1.tlog
E:\IDE\VC6.0\MyProject\CalculateComplexity\RpcTcpClient\Debug\link.command.1.tlog
E:\IDE\VC6.0\MyProject\CalculateComplexity\RpcTcpClient\Debug\link.read.1.tlog
E:\IDE\VC6.0\MyProject\CalculateComplexity\RpcTcpClient\Debug\link.write.1.tlog
E:\IDE\VC6.0\MyProject\CalculateComplexity\RpcTcpClient\Debug\link-cvtres.read.1.tlog
E:\IDE\VC6.0\MyProject\CalculateComplexity\RpcTcpClient\Debug\link-cvtres.write.1.tlog
E:\IDE\VC6.0\MyProject\CalculateComplexity\RpcTcpClient\Debug\mt.command.1.tlog
E:\IDE\VC6.0\MyProject\CalculateComplexity\RpcTcpClient\Debug\mt.read.1.tlog
E:\IDE\VC6.0\MyProject\CalculateComplexity\RpcTcpClient\Debug\mt.write.1.tlog
E:\IDE\VC6.0\MyProject\CalculateComplexity\RpcTcpClient\Debug\rc.command.1.tlog
E:\IDE\VC6.0\MyProject\CalculateComplexity\RpcTcpClient\Debug\rc.read.1.tlog
E:\IDE\VC6.0\MyProject\CalculateComplexity\RpcTcpClient\Debug\rc.write.1.tlog
E:\IDE\VC6.0\MYPROJECT\CALCULATECOMPLEXITY\RPCTCPCLIENT\DEBUG\RPCTCPCLIENT.EXE.EMBED.MANIFEST
E:\IDE\VC6.0\MYPROJECT\CALCULATECOMPLEXITY\RPCTCPCLIENT\DEBUG\RPCTCPCLIENT.EXE.EMBED.MANIFEST.RES
E:\IDE\VC6.0\MYPROJECT\CALCULATECOMPLEXITY\RPCTCPCLIENT\DEBUG\RPCTCPCLIENT.EXE.INTERMEDIATE.MANIFEST
E:\IDE\VC6.0\MYPROJECT\CALCULATECOMPLEXITY\RPCTCPCLIENT\DEBUG\RPCTCPCLIENT.OBJ
E:\IDE\VC6.0\MYPROJECT\CALCULATECOMPLEXITY\RPCTCPCLIENT\DEBUG\RPCTCPCLIENT.PCH
E:\IDE\VC6.0\MyProject\CalculateComplexity\RpcTcpClient\Debug\RpcTcpClient.vcxprojResolveAssemblyReference.cache
E:\IDE\VC6.0\MyProject\CalculateComplexity\RpcTcpClient\Debug\RpcTcpClient.write.1.tlog
E:\IDE\VC6.0\MyProject\CalculateComplexity\RpcTcpClient\Debug\RpcTcpClient_manifest.rc
E:\IDE\VC6.0\MYPROJECT\CALCULATECOMPLEXITY\RPCTCPCLIENT\DEBUG\STDAFX.OBJ
E:\IDE\VC6.0\MyProject\CalculateComplexity\RpcTcpClient\Debug\vc100.idb
E:\IDE\VC6.0\MYPROJECT\CALCULATECOMPLEXITY\RPCTCPCLIENT\DEBUG\VC100.PDB
