生成启动时间为 2017/5/9 16:10:36。
     1>项目“E:\IDE\VC6.0\MyProject\CalculateComplexity\RpcTcpClient\RpcTcpClient.vcxproj”在节点 2 上(build 个目标)。
     1>InitializeBuildStatus:
         正在创建“Debug\RpcTcpClient.unsuccessfulbuild”，因为已指定“AlwaysCreate”。
       ClCompile:
         所有输出均为最新。
         E:\IDE\VC6.0\VC\bin\CL.exe /c /ZI /nologo /W3 /WX- /Od /Oy- /D WIN32 /D _DEBUG /D _CONSOLE /D _UNICODE /D UNICODE /Gm /EHsc /RTC1 /MDd /GS /fp:precise /Zc:wchar_t /Zc:forScope /Yu"StdAfx.h" /Fp"Debug\RpcTcpClient.pch" /Fo"Debug\\" /Fd"Debug\vc100.pdb" /Gd /TP /analyze- /errorReport:prompt RpcTcpClient.cpp
         RpcTcpClient.cpp
     1>e:\ide\vc6.0\myproject\calculatecomplexity\rpctcpclient\rpctcpclient.cpp(20): warning C4996: 'gets': This function or variable may be unsafe. Consider using gets_s instead. To disable deprecation, use _CRT_SECURE_NO_WARNINGS. See online help for details.
                 e:\ide\vc6.0\vc\include\stdio.h(277) : 参见“gets”的声明
     1>e:\ide\vc6.0\myproject\calculatecomplexity\rpctcpclient\rpctcpclient.cpp(22): warning C4996: 'gets': This function or variable may be unsafe. Consider using gets_s instead. To disable deprecation, use _CRT_SECURE_NO_WARNINGS. See online help for details.
                 e:\ide\vc6.0\vc\include\stdio.h(277) : 参见“gets”的声明
     1>e:\ide\vc6.0\myproject\calculatecomplexity\rpctcpclient\rpctcpclient.cpp(51): warning C4996: 'strcpy': This function or variable may be unsafe. Consider using strcpy_s instead. To disable deprecation, use _CRT_SECURE_NO_WARNINGS. See online help for details.
                 e:\ide\vc6.0\vc\include\string.h(105) : 参见“strcpy”的声明
     1>e:\ide\vc6.0\myproject\calculatecomplexity\rpctcpclient\rpctcpclient.cpp(52): warning C4996: 'strcat': This function or variable may be unsafe. Consider using strcat_s instead. To disable deprecation, use _CRT_SECURE_NO_WARNINGS. See online help for details.
                 e:\ide\vc6.0\vc\include\string.h(110) : 参见“strcat”的声明
     1>e:\ide\vc6.0\myproject\calculatecomplexity\rpctcpclient\rpctcpclient.cpp(53): warning C4996: 'strcat': This function or variable may be unsafe. Consider using strcat_s instead. To disable deprecation, use _CRT_SECURE_NO_WARNINGS. See online help for details.
                 e:\ide\vc6.0\vc\include\string.h(110) : 参见“strcat”的声明
       ManifestResourceCompile:
         所有输出均为最新。
       Link:
         E:\IDE\VC6.0\VC\bin\link.exe /ERRORREPORT:PROMPT /OUT:"E:\IDE\VC6.0\MyProject\CalculateComplexity\Debug\RpcTcpClient.exe" /INCREMENTAL /NOLOGO kernel32.lib user32.lib gdi32.lib winspool.lib comdlg32.lib advapi32.lib shell32.lib ole32.lib oleaut32.lib uuid.lib odbc32.lib odbccp32.lib /MANIFEST /ManifestFile:"Debug\RpcTcpClient.exe.intermediate.manifest" /MANIFESTUAC:"level='asInvoker' uiAccess='false'" /DEBUG /PDB:"E:\IDE\VC6.0\MyProject\CalculateComplexity\Debug\RpcTcpClient.pdb" /SUBSYSTEM:CONSOLE /TLBID:1 /DYNAMICBASE /NXCOMPAT /IMPLIB:"E:\IDE\VC6.0\MyProject\CalculateComplexity\Debug\RpcTcpClient.lib" /MACHINE:X86 Debug\RpcTcpClient.exe.embed.manifest.res
         Debug\RpcTcpClient.obj
         Debug\stdafx.obj
       Manifest:
         C:\Program Files (x86)\Microsoft SDKs\Windows\v7.0A\bin\mt.exe /nologo /verbose /out:"Debug\RpcTcpClient.exe.embed.manifest" /manifest Debug\RpcTcpClient.exe.intermediate.manifest
         所有输出均为最新。
       LinkEmbedManifest:
         所有输出均为最新。
         RpcTcpClient.vcxproj -> E:\IDE\VC6.0\MyProject\CalculateComplexity\Debug\RpcTcpClient.exe
       FinalizeBuildStatus:
         正在删除文件“Debug\RpcTcpClient.unsuccessfulbuild”。
         正在对“Debug\RpcTcpClient.lastbuildstate”执行 Touch 任务。
     1>已完成生成项目“E:\IDE\VC6.0\MyProject\CalculateComplexity\RpcTcpClient\RpcTcpClient.vcxproj”(build 个目标)的操作。

生成成功。

已用时间 00:00:00.83
