E:\IDE\VC6.0\MYPROJECT\CALCULATECOMPLEXITY\APPROXSUBSETSUM\DEBUG\APPROXSUBSETSUM.EXE.EMBED.MANIFEST
E:\IDE\VC6.0\MYPROJECT\CALCULATECOMPLEXITY\APPROXSUBSETSUM\DEBUG\APPROXSUBSETSUM.EXE.EMBED.MANIFEST.RES
E:\IDE\VC6.0\MYPROJECT\CALCULATECOMPLEXITY\APPROXSUBSETSUM\DEBUG\APPROXSUBSETSUM.EXE.INTERMEDIATE.MANIFEST
E:\IDE\VC6.0\MYPROJECT\CALCULATECOMPLEXITY\APPROXSUBSETSUM\DEBUG\APPROXSUBSETSUM.OBJ
E:\IDE\VC6.0\MYPROJECT\CALCULATECOMPLEXITY\APPROXSUBSETSUM\DEBUG\APPROXSUBSETSUM.PCH
E:\IDE\VC6.0\MyProject\CalculateComplexity\ApproxSubsetSum\Debug\ApproxSubsetSum.write.1.tlog
E:\IDE\VC6.0\MyProject\CalculateComplexity\ApproxSubsetSum\Debug\ApproxSubsetSum_manifest.rc
E:\IDE\VC6.0\MyProject\CalculateComplexity\ApproxSubsetSum\Debug\cl.command.1.tlog
E:\IDE\VC6.0\MyProject\CalculateComplexity\ApproxSubsetSum\Debug\CL.read.1.tlog
E:\IDE\VC6.0\MyProject\CalculateComplexity\ApproxSubsetSum\Debug\CL.write.1.tlog
E:\IDE\VC6.0\MyProject\CalculateComplexity\ApproxSubsetSum\Debug\link.140.read.1.tlog
E:\IDE\VC6.0\MyProject\CalculateComplexity\ApproxSubsetSum\Debug\link.140.write.1.tlog
E:\IDE\VC6.0\MyProject\CalculateComplexity\ApproxSubsetSum\Debug\link.140-cvtres.read.1.tlog
E:\IDE\VC6.0\MyProject\CalculateComplexity\ApproxSubsetSum\Debug\link.140-cvtres.write.1.tlog
E:\IDE\VC6.0\MyProject\CalculateComplexity\ApproxSubsetSum\Debug\link.command.1.tlog
E:\IDE\VC6.0\MyProject\CalculateComplexity\ApproxSubsetSum\Debug\link.read.1.tlog
E:\IDE\VC6.0\MyProject\CalculateComplexity\ApproxSubsetSum\Debug\link.write.1.tlog
E:\IDE\VC6.0\MyProject\CalculateComplexity\ApproxSubsetSum\Debug\link-cvtres.read.1.tlog
E:\IDE\VC6.0\MyProject\CalculateComplexity\ApproxSubsetSum\Debug\link-cvtres.write.1.tlog
E:\IDE\VC6.0\MyProject\CalculateComplexity\ApproxSubsetSum\Debug\mt.command.1.tlog
E:\IDE\VC6.0\MyProject\CalculateComplexity\ApproxSubsetSum\Debug\mt.read.1.tlog
E:\IDE\VC6.0\MyProject\CalculateComplexity\ApproxSubsetSum\Debug\mt.write.1.tlog
E:\IDE\VC6.0\MyProject\CalculateComplexity\ApproxSubsetSum\Debug\rc.command.1.tlog
E:\IDE\VC6.0\MyProject\CalculateComplexity\ApproxSubsetSum\Debug\rc.read.1.tlog
E:\IDE\VC6.0\MyProject\CalculateComplexity\ApproxSubsetSum\Debug\rc.write.1.tlog
E:\IDE\VC6.0\MYPROJECT\CALCULATECOMPLEXITY\APPROXSUBSETSUM\DEBUG\STDAFX.OBJ
E:\IDE\VC6.0\MyProject\CalculateComplexity\ApproxSubsetSum\Debug\vc100.idb
E:\IDE\VC6.0\MYPROJECT\CALCULATECOMPLEXITY\APPROXSUBSETSUM\DEBUG\VC100.PDB
E:\IDE\VC6.0\MYPROJECT\CALCULATECOMPLEXITY\DEBUG\APPROXSUBSETSUM.EXE
E:\IDE\VC6.0\MYPROJECT\CALCULATECOMPLEXITY\DEBUG\APPROXSUBSETSUM.ILK
E:\IDE\VC6.0\MYPROJECT\CALCULATECOMPLEXITY\DEBUG\APPROXSUBSETSUM.PDB
