生成启动时间为 2017/5/9 7:02:55。
     1>项目“E:\IDE\VC6.0\MyProject\CalculateComplexity\ApproxSubsetSum\ApproxSubsetSum.vcxproj”在节点 3 上(rebuild 个目标)。
     1>_PrepareForClean:
         正在删除文件“Debug\ApproxSubsetSum.lastbuildstate”。
       InitializeBuildStatus:
         正在创建“Debug\ApproxSubsetSum.unsuccessfulbuild”，因为已指定“AlwaysCreate”。
       ClCompile:
         E:\IDE\VC6.0\VC\bin\CL.exe /c /ZI /nologo /W3 /WX- /Od /Oy- /D WIN32 /D _DEBUG /D _CONSOLE /D _UNICODE /D UNICODE /Gm /EHsc /RTC1 /MDd /GS /fp:precise /Zc:wchar_t /Zc:forScope /Yc"StdAfx.h" /Fp"Debug\ApproxSubsetSum.pch" /Fo"Debug\\" /Fd"Debug\vc100.pdb" /Gd /TP /analyze- /errorReport:prompt stdafx.cpp
         stdafx.cpp
         E:\IDE\VC6.0\VC\bin\CL.exe /c /ZI /nologo /W3 /WX- /Od /Oy- /D WIN32 /D _DEBUG /D _CONSOLE /D _UNICODE /D UNICODE /Gm /EHsc /RTC1 /MDd /GS /fp:precise /Zc:wchar_t /Zc:forScope /Yu"StdAfx.h" /Fp"Debug\ApproxSubsetSum.pch" /Fo"Debug\\" /Fd"Debug\vc100.pdb" /Gd /TP /analyze- /errorReport:prompt ApproxSubsetSum.cpp
         ApproxSubsetSum.cpp
     1>e:\ide\vc6.0\myproject\calculatecomplexity\approxsubsetsum\approxsubsetsum.cpp(47): warning C4553: “==”: 运算符不起任何作用；是否是有意使用“=”的?
       ManifestResourceCompile:
         C:\Program Files (x86)\Microsoft SDKs\Windows\v7.0A\bin\rc.exe /nologo /fo"Debug\ApproxSubsetSum.exe.embed.manifest.res" Debug\ApproxSubsetSum_manifest.rc 
       Link:
         E:\IDE\VC6.0\VC\bin\link.exe /ERRORREPORT:PROMPT /OUT:"E:\IDE\VC6.0\MyProject\CalculateComplexity\Debug\ApproxSubsetSum.exe" /INCREMENTAL /NOLOGO kernel32.lib user32.lib gdi32.lib winspool.lib comdlg32.lib advapi32.lib shell32.lib ole32.lib oleaut32.lib uuid.lib odbc32.lib odbccp32.lib /MANIFEST /ManifestFile:"Debug\ApproxSubsetSum.exe.intermediate.manifest" /MANIFESTUAC:"level='asInvoker' uiAccess='false'" /DEBUG /PDB:"E:\IDE\VC6.0\MyProject\CalculateComplexity\Debug\ApproxSubsetSum.pdb" /SUBSYSTEM:CONSOLE /TLBID:1 /DYNAMICBASE /NXCOMPAT /IMPLIB:"E:\IDE\VC6.0\MyProject\CalculateComplexity\Debug\ApproxSubsetSum.lib" /MACHINE:X86 Debug\ApproxSubsetSum.exe.embed.manifest.res
         Debug\ApproxSubsetSum.obj
         Debug\stdafx.obj
       Manifest:
         正在删除文件“Debug\ApproxSubsetSum.exe.embed.manifest”。
         C:\Program Files (x86)\Microsoft SDKs\Windows\v7.0A\bin\mt.exe /nologo /verbose /out:"Debug\ApproxSubsetSum.exe.embed.manifest" /manifest Debug\ApproxSubsetSum.exe.intermediate.manifest
         C:\Program Files (x86)\Microsoft SDKs\Windows\v7.0A\bin\rc.exe /nologo /fo"Debug\ApproxSubsetSum.exe.embed.manifest.res" Debug\ApproxSubsetSum_manifest.rc 
       LinkEmbedManifest:
         E:\IDE\VC6.0\VC\bin\link.exe /ERRORREPORT:PROMPT /OUT:"E:\IDE\VC6.0\MyProject\CalculateComplexity\Debug\ApproxSubsetSum.exe" /INCREMENTAL /NOLOGO kernel32.lib user32.lib gdi32.lib winspool.lib comdlg32.lib advapi32.lib shell32.lib ole32.lib oleaut32.lib uuid.lib odbc32.lib odbccp32.lib /MANIFEST /ManifestFile:"Debug\ApproxSubsetSum.exe.intermediate.manifest" /MANIFESTUAC:"level='asInvoker' uiAccess='false'" /DEBUG /PDB:"E:\IDE\VC6.0\MyProject\CalculateComplexity\Debug\ApproxSubsetSum.pdb" /SUBSYSTEM:CONSOLE /TLBID:1 /DYNAMICBASE /NXCOMPAT /IMPLIB:"E:\IDE\VC6.0\MyProject\CalculateComplexity\Debug\ApproxSubsetSum.lib" /MACHINE:X86 Debug\ApproxSubsetSum.exe.embed.manifest.res
         Debug\ApproxSubsetSum.obj
         Debug\stdafx.obj
         ApproxSubsetSum.vcxproj -> E:\IDE\VC6.0\MyProject\CalculateComplexity\Debug\ApproxSubsetSum.exe
       FinalizeBuildStatus:
         正在删除文件“Debug\ApproxSubsetSum.unsuccessfulbuild”。
         正在对“Debug\ApproxSubsetSum.lastbuildstate”执行 Touch 任务。
     1>已完成生成项目“E:\IDE\VC6.0\MyProject\CalculateComplexity\ApproxSubsetSum\ApproxSubsetSum.vcxproj”(rebuild 个目标)的操作。

生成成功。

已用时间 00:00:03.29
