E:\IDE\VC6.0\MYPROJECT\CALCULATECOMPLEXITY\APPROXVERTEXCOVER\DEBUG\APPROXVERTEXCOVER.EXE.EMBED.MANIFEST
E:\IDE\VC6.0\MYPROJECT\CALCULATECOMPLEXITY\APPROXVERTEXCOVER\DEBUG\APPROXVERTEXCOVER.EXE.EMBED.MANIFEST.RES
E:\IDE\VC6.0\MYPROJECT\CALCULATECOMPLEXITY\APPROXVERTEXCOVER\DEBUG\APPROXVERTEXCOVER.EXE.INTERMEDIATE.MANIFEST
E:\IDE\VC6.0\MYPROJECT\CALCULATECOMPLEXITY\APPROXVERTEXCOVER\DEBUG\APPROXVERTEXCOVER.OBJ
E:\IDE\VC6.0\MYPROJECT\CALCULATECOMPLEXITY\APPROXVERTEXCOVER\DEBUG\APPROXVERTEXCOVER.PCH
E:\IDE\VC6.0\MyProject\CalculateComplexity\ApproxVertexCover\Debug\ApproxVertexCover.vcxprojResolveAssemblyReference.cache
E:\IDE\VC6.0\MyProject\CalculateComplexity\ApproxVertexCover\Debug\ApproxVertexCover.write.1.tlog
E:\IDE\VC6.0\MyProject\CalculateComplexity\ApproxVertexCover\Debug\ApproxVertexCover_manifest.rc
E:\IDE\VC6.0\MyProject\CalculateComplexity\ApproxVertexCover\Debug\cl.command.1.tlog
E:\IDE\VC6.0\MyProject\CalculateComplexity\ApproxVertexCover\Debug\CL.read.1.tlog
E:\IDE\VC6.0\MyProject\CalculateComplexity\ApproxVertexCover\Debug\CL.write.1.tlog
E:\IDE\VC6.0\MyProject\CalculateComplexity\ApproxVertexCover\Debug\link.3624.read.1.tlog
E:\IDE\VC6.0\MyProject\CalculateComplexity\ApproxVertexCover\Debug\link.3624.write.1.tlog
E:\IDE\VC6.0\MyProject\CalculateComplexity\ApproxVertexCover\Debug\link.3624-cvtres.read.1.tlog
E:\IDE\VC6.0\MyProject\CalculateComplexity\ApproxVertexCover\Debug\link.3624-cvtres.write.1.tlog
E:\IDE\VC6.0\MyProject\CalculateComplexity\ApproxVertexCover\Debug\link.command.1.tlog
E:\IDE\VC6.0\MyProject\CalculateComplexity\ApproxVertexCover\Debug\link.read.1.tlog
E:\IDE\VC6.0\MyProject\CalculateComplexity\ApproxVertexCover\Debug\link.write.1.tlog
E:\IDE\VC6.0\MyProject\CalculateComplexity\ApproxVertexCover\Debug\link-cvtres.read.1.tlog
E:\IDE\VC6.0\MyProject\CalculateComplexity\ApproxVertexCover\Debug\link-cvtres.write.1.tlog
E:\IDE\VC6.0\MyProject\CalculateComplexity\ApproxVertexCover\Debug\mt.command.1.tlog
E:\IDE\VC6.0\MyProject\CalculateComplexity\ApproxVertexCover\Debug\mt.read.1.tlog
E:\IDE\VC6.0\MyProject\CalculateComplexity\ApproxVertexCover\Debug\mt.write.1.tlog
E:\IDE\VC6.0\MyProject\CalculateComplexity\ApproxVertexCover\Debug\rc.command.1.tlog
E:\IDE\VC6.0\MyProject\CalculateComplexity\ApproxVertexCover\Debug\rc.read.1.tlog
E:\IDE\VC6.0\MyProject\CalculateComplexity\ApproxVertexCover\Debug\rc.write.1.tlog
E:\IDE\VC6.0\MYPROJECT\CALCULATECOMPLEXITY\APPROXVERTEXCOVER\DEBUG\STDAFX.OBJ
E:\IDE\VC6.0\MyProject\CalculateComplexity\ApproxVertexCover\Debug\vc100.idb
E:\IDE\VC6.0\MYPROJECT\CALCULATECOMPLEXITY\APPROXVERTEXCOVER\DEBUG\VC100.PDB
E:\IDE\VC6.0\MYPROJECT\CALCULATECOMPLEXITY\DEBUG\APPROXVERTEXCOVER.EXE
E:\IDE\VC6.0\MYPROJECT\CALCULATECOMPLEXITY\DEBUG\APPROXVERTEXCOVER.ILK
E:\IDE\VC6.0\MYPROJECT\CALCULATECOMPLEXITY\DEBUG\APPROXVERTEXCOVER.PDB
