生成启动时间为 2017/3/9 9:49:20。
     1>项目“E:\IDE\VC6.0\MyProject\HelloWorld\HelloWorld\HelloWorld.vcxproj”在节点 5 上(build 个目标)。
     1>InitializeBuildStatus:
         正在创建“Debug\HelloWorld.unsuccessfulbuild”，因为已指定“AlwaysCreate”。
       ClCompile:
         所有输出均为最新。
         E:\IDE\VC6.0\VC\bin\CL.exe /c /ZI /nologo /W3 /WX- /Od /Oy- /D WIN32 /D _DEBUG /D _CONSOLE /D _UNICODE /D UNICODE /Gm /EHsc /RTC1 /MDd /GS /fp:precise /Zc:wchar_t /Zc:forScope /Yu"StdAfx.h" /Fp"Debug\HelloWorld.pch" /Fo"Debug\\" /Fd"Debug\vc100.pdb" /Gd /TP /analyze- /errorReport:prompt HelloWorld.cpp
         HelloWorld.cpp
       ManifestResourceCompile:
         所有输出均为最新。
       Link:
         E:\IDE\VC6.0\VC\bin\link.exe /ERRORREPORT:PROMPT /OUT:"E:\IDE\VC6.0\MyProject\HelloWorld\Debug\HelloWorld.exe" /INCREMENTAL /NOLOGO kernel32.lib user32.lib gdi32.lib winspool.lib comdlg32.lib advapi32.lib shell32.lib ole32.lib oleaut32.lib uuid.lib odbc32.lib odbccp32.lib /MANIFEST /ManifestFile:"Debug\HelloWorld.exe.intermediate.manifest" /MANIFESTUAC:"level='asInvoker' uiAccess='false'" /DEBUG /PDB:"E:\IDE\VC6.0\MyProject\HelloWorld\Debug\HelloWorld.pdb" /SUBSYSTEM:CONSOLE /TLBID:1 /DYNAMICBASE /NXCOMPAT /IMPLIB:"E:\IDE\VC6.0\MyProject\HelloWorld\Debug\HelloWorld.lib" /MACHINE:X86 Debug\HelloWorld.exe.embed.manifest.res
         Debug\HelloWorld.obj
         Debug\stdafx.obj
       Manifest:
         C:\Program Files (x86)\Microsoft SDKs\Windows\v7.0A\bin\mt.exe /nologo /verbose /out:"Debug\HelloWorld.exe.embed.manifest" /manifest Debug\HelloWorld.exe.intermediate.manifest
         所有输出均为最新。
       LinkEmbedManifest:
         所有输出均为最新。
         HelloWorld.vcxproj -> E:\IDE\VC6.0\MyProject\HelloWorld\Debug\HelloWorld.exe
       FinalizeBuildStatus:
         正在删除文件“Debug\HelloWorld.unsuccessfulbuild”。
         正在对“Debug\HelloWorld.lastbuildstate”执行 Touch 任务。
     1>已完成生成项目“E:\IDE\VC6.0\MyProject\HelloWorld\HelloWorld\HelloWorld.vcxproj”(build 个目标)的操作。

生成成功。

已用时间 00:00:07.98
