生成启动时间为 2017/5/14 9:39:31。
     1>项目“E:\IDE\VC6.0\MyProject\CalculateComplexity\CacheOverflowAttach\CacheOverflowAttach.vcxproj”在节点 2 上(build 个目标)。
     1>InitializeBuildStatus:
         正在创建“Debug\CacheOverflowAttach.unsuccessfulbuild”，因为已指定“AlwaysCreate”。
       ClCompile:
         E:\IDE\VC6.0\VC\bin\CL.exe /c /ZI /nologo /W3 /WX- /Od /Oy- /D WIN32 /D _DEBUG /D _CONSOLE /D _UNICODE /D UNICODE /Gm /EHsc /RTC1 /MDd /GS /fp:precise /Zc:wchar_t /Zc:forScope /Yc"StdAfx.h" /Fp"Debug\CacheOverflowAttach.pch" /Fo"Debug\\" /Fd"Debug\vc100.pdb" /Gd /TP /analyze- /errorReport:prompt stdafx.cpp
         stdafx.cpp
         E:\IDE\VC6.0\VC\bin\CL.exe /c /ZI /nologo /W3 /WX- /Od /Oy- /D WIN32 /D _DEBUG /D _CONSOLE /D _UNICODE /D UNICODE /Gm /EHsc /RTC1 /MDd /GS /fp:precise /Zc:wchar_t /Zc:forScope /Yu"StdAfx.h" /Fp"Debug\CacheOverflowAttach.pch" /Fo"Debug\\" /Fd"Debug\vc100.pdb" /Gd /TP /analyze- /errorReport:prompt CacheOverflowAttach.cpp
         CacheOverflowAttach.cpp
     1>e:\ide\vc6.0\myproject\calculatecomplexity\cacheoverflowattach\cacheoverflowattach.cpp(24): warning C4996: 'strcpy': This function or variable may be unsafe. Consider using strcpy_s instead. To disable deprecation, use _CRT_SECURE_NO_WARNINGS. See online help for details.
                 e:\ide\vc6.0\vc\include\string.h(105) : 参见“strcpy”的声明
       ManifestResourceCompile:
         C:\Program Files (x86)\Microsoft SDKs\Windows\v7.0A\bin\rc.exe /nologo /fo"Debug\CacheOverflowAttach.exe.embed.manifest.res" Debug\CacheOverflowAttach_manifest.rc 
       Link:
         E:\IDE\VC6.0\VC\bin\link.exe /ERRORREPORT:PROMPT /OUT:"E:\IDE\VC6.0\MyProject\CalculateComplexity\Debug\CacheOverflowAttach.exe" /INCREMENTAL /NOLOGO kernel32.lib user32.lib gdi32.lib winspool.lib comdlg32.lib advapi32.lib shell32.lib ole32.lib oleaut32.lib uuid.lib odbc32.lib odbccp32.lib /MANIFEST /ManifestFile:"Debug\CacheOverflowAttach.exe.intermediate.manifest" /MANIFESTUAC:"level='asInvoker' uiAccess='false'" /DEBUG /PDB:"E:\IDE\VC6.0\MyProject\CalculateComplexity\Debug\CacheOverflowAttach.pdb" /SUBSYSTEM:CONSOLE /TLBID:1 /DYNAMICBASE /NXCOMPAT /IMPLIB:"E:\IDE\VC6.0\MyProject\CalculateComplexity\Debug\CacheOverflowAttach.lib" /MACHINE:X86 Debug\CacheOverflowAttach.exe.embed.manifest.res
         Debug\CacheOverflowAttach.obj
         Debug\stdafx.obj
       Manifest:
         C:\Program Files (x86)\Microsoft SDKs\Windows\v7.0A\bin\mt.exe /nologo /verbose /out:"Debug\CacheOverflowAttach.exe.embed.manifest" /manifest Debug\CacheOverflowAttach.exe.intermediate.manifest
         C:\Program Files (x86)\Microsoft SDKs\Windows\v7.0A\bin\rc.exe /nologo /fo"Debug\CacheOverflowAttach.exe.embed.manifest.res" Debug\CacheOverflowAttach_manifest.rc 
       LinkEmbedManifest:
         E:\IDE\VC6.0\VC\bin\link.exe /ERRORREPORT:PROMPT /OUT:"E:\IDE\VC6.0\MyProject\CalculateComplexity\Debug\CacheOverflowAttach.exe" /INCREMENTAL /NOLOGO kernel32.lib user32.lib gdi32.lib winspool.lib comdlg32.lib advapi32.lib shell32.lib ole32.lib oleaut32.lib uuid.lib odbc32.lib odbccp32.lib /MANIFEST /ManifestFile:"Debug\CacheOverflowAttach.exe.intermediate.manifest" /MANIFESTUAC:"level='asInvoker' uiAccess='false'" /DEBUG /PDB:"E:\IDE\VC6.0\MyProject\CalculateComplexity\Debug\CacheOverflowAttach.pdb" /SUBSYSTEM:CONSOLE /TLBID:1 /DYNAMICBASE /NXCOMPAT /IMPLIB:"E:\IDE\VC6.0\MyProject\CalculateComplexity\Debug\CacheOverflowAttach.lib" /MACHINE:X86 Debug\CacheOverflowAttach.exe.embed.manifest.res
         Debug\CacheOverflowAttach.obj
         Debug\stdafx.obj
         CacheOverflowAttach.vcxproj -> E:\IDE\VC6.0\MyProject\CalculateComplexity\Debug\CacheOverflowAttach.exe
       FinalizeBuildStatus:
         正在删除文件“Debug\CacheOverflowAttach.unsuccessfulbuild”。
         正在对“Debug\CacheOverflowAttach.lastbuildstate”执行 Touch 任务。
     1>已完成生成项目“E:\IDE\VC6.0\MyProject\CalculateComplexity\CacheOverflowAttach\CacheOverflowAttach.vcxproj”(build 个目标)的操作。

生成成功。

已用时间 00:00:08.86
