E:\IDE\VC6.0\MYPROJECT\CALCULATECOMPLEXITY\DEBUG\LIFTTOFRONT.EXE
E:\IDE\VC6.0\MYPROJECT\CALCULATECOMPLEXITY\DEBUG\LIFTTOFRONT.ILK
E:\IDE\VC6.0\MYPROJECT\CALCULATECOMPLEXITY\DEBUG\LIFTTOFRONT.PDB
E:\IDE\VC6.0\MyProject\CalculateComplexity\LiftToFront\Debug\cl.command.1.tlog
E:\IDE\VC6.0\MyProject\CalculateComplexity\LiftToFront\Debug\CL.read.1.tlog
E:\IDE\VC6.0\MyProject\CalculateComplexity\LiftToFront\Debug\CL.write.1.tlog
E:\IDE\VC6.0\MYPROJECT\CALCULATECOMPLEXITY\LIFTTOFRONT\DEBUG\LIFTTOFRONT.EXE.EMBED.MANIFEST
E:\IDE\VC6.0\MYPROJECT\CALCULATECOMPLEXITY\LIFTTOFRONT\DEBUG\LIFTTOFRONT.EXE.EMBED.MANIFEST.RES
E:\IDE\VC6.0\MYPROJECT\CALCULATECOMPLEXITY\LIFTTOFRONT\DEBUG\LIFTTOFRONT.EXE.INTERMEDIATE.MANIFEST
E:\IDE\VC6.0\MYPROJECT\CALCULATECOMPLEXITY\LIFTTOFRONT\DEBUG\LIFTTOFRONT.OBJ
E:\IDE\VC6.0\MYPROJECT\CALCULATECOMPLEXITY\LIFTTOFRONT\DEBUG\LIFTTOFRONT.PCH
E:\IDE\VC6.0\MyProject\CalculateComplexity\LiftToFront\Debug\LiftToFront.vcxprojResolveAssemblyReference.cache
E:\IDE\VC6.0\MyProject\CalculateComplexity\LiftToFront\Debug\LiftToFront.write.1.tlog
E:\IDE\VC6.0\MyProject\CalculateComplexity\LiftToFront\Debug\LiftToFront_manifest.rc
E:\IDE\VC6.0\MyProject\CalculateComplexity\LiftToFront\Debug\link.4784.read.1.tlog
E:\IDE\VC6.0\MyProject\CalculateComplexity\LiftToFront\Debug\link.4784.write.1.tlog
E:\IDE\VC6.0\MyProject\CalculateComplexity\LiftToFront\Debug\link.4784-cvtres.read.1.tlog
E:\IDE\VC6.0\MyProject\CalculateComplexity\LiftToFront\Debug\link.4784-cvtres.write.1.tlog
E:\IDE\VC6.0\MyProject\CalculateComplexity\LiftToFront\Debug\link.command.1.tlog
E:\IDE\VC6.0\MyProject\CalculateComplexity\LiftToFront\Debug\link.read.1.tlog
E:\IDE\VC6.0\MyProject\CalculateComplexity\LiftToFront\Debug\link.write.1.tlog
E:\IDE\VC6.0\MyProject\CalculateComplexity\LiftToFront\Debug\link-cvtres.read.1.tlog
E:\IDE\VC6.0\MyProject\CalculateComplexity\LiftToFront\Debug\link-cvtres.write.1.tlog
E:\IDE\VC6.0\MyProject\CalculateComplexity\LiftToFront\Debug\mt.command.1.tlog
E:\IDE\VC6.0\MyProject\CalculateComplexity\LiftToFront\Debug\mt.read.1.tlog
E:\IDE\VC6.0\MyProject\CalculateComplexity\LiftToFront\Debug\mt.write.1.tlog
E:\IDE\VC6.0\MyProject\CalculateComplexity\LiftToFront\Debug\rc.command.1.tlog
E:\IDE\VC6.0\MyProject\CalculateComplexity\LiftToFront\Debug\rc.read.1.tlog
E:\IDE\VC6.0\MyProject\CalculateComplexity\LiftToFront\Debug\rc.write.1.tlog
E:\IDE\VC6.0\MYPROJECT\CALCULATECOMPLEXITY\LIFTTOFRONT\DEBUG\STDAFX.OBJ
E:\IDE\VC6.0\MyProject\CalculateComplexity\LiftToFront\Debug\vc100.idb
E:\IDE\VC6.0\MYPROJECT\CALCULATECOMPLEXITY\LIFTTOFRONT\DEBUG\VC100.PDB
