生成启动时间为 2017/7/1 15:22:57。
     1>项目“E:\IDE\VC6.0\MyProject\CalculateComplexity\AI\AI.vcxproj”在节点 2 上(build 个目标)。
     1>InitializeBuildStatus:
         正在创建“Debug\AI.unsuccessfulbuild”，因为已指定“AlwaysCreate”。
       ClCompile:
         所有输出均为最新。
         E:\IDE\VC6.0\VC\bin\CL.exe /c /ZI /nologo /W3 /WX- /Od /Oy- /D WIN32 /D _DEBUG /D _CONSOLE /D _UNICODE /D UNICODE /Gm /EHsc /RTC1 /MDd /GS /fp:precise /Zc:wchar_t /Zc:forScope /Yu"StdAfx.h" /Fp"Debug\AI.pch" /Fo"Debug\\" /Fd"Debug\vc100.pdb" /Gd /TP /analyze- /errorReport:prompt AI.cpp
         AI.cpp
     1>e:\ide\vc6.0\myproject\calculatecomplexity\ai\ai.cpp(432): warning C4996: 'fopen': This function or variable may be unsafe. Consider using fopen_s instead. To disable deprecation, use _CRT_SECURE_NO_WARNINGS. See online help for details.
                 e:\ide\vc6.0\vc\include\stdio.h(234) : 参见“fopen”的声明
     1>e:\ide\vc6.0\myproject\calculatecomplexity\ai\ai.cpp(433): warning C4996: 'fscanf': This function or variable may be unsafe. Consider using fscanf_s instead. To disable deprecation, use _CRT_SECURE_NO_WARNINGS. See online help for details.
                 e:\ide\vc6.0\vc\include\stdio.h(253) : 参见“fscanf”的声明
     1>e:\ide\vc6.0\myproject\calculatecomplexity\ai\ai.cpp(438): warning C4996: 'fscanf': This function or variable may be unsafe. Consider using fscanf_s instead. To disable deprecation, use _CRT_SECURE_NO_WARNINGS. See online help for details.
                 e:\ide\vc6.0\vc\include\stdio.h(253) : 参见“fscanf”的声明
     1>e:\ide\vc6.0\myproject\calculatecomplexity\ai\ai.cpp(445): warning C4996: 'fscanf': This function or variable may be unsafe. Consider using fscanf_s instead. To disable deprecation, use _CRT_SECURE_NO_WARNINGS. See online help for details.
                 e:\ide\vc6.0\vc\include\stdio.h(253) : 参见“fscanf”的声明
     1>e:\ide\vc6.0\myproject\calculatecomplexity\ai\ai.cpp(495): warning C4996: 'fopen': This function or variable may be unsafe. Consider using fopen_s instead. To disable deprecation, use _CRT_SECURE_NO_WARNINGS. See online help for details.
                 e:\ide\vc6.0\vc\include\stdio.h(234) : 参见“fopen”的声明
       ManifestResourceCompile:
         所有输出均为最新。
       Link:
         E:\IDE\VC6.0\VC\bin\link.exe /ERRORREPORT:PROMPT /OUT:"E:\IDE\VC6.0\MyProject\CalculateComplexity\Debug\AI.exe" /INCREMENTAL /NOLOGO kernel32.lib user32.lib gdi32.lib winspool.lib comdlg32.lib advapi32.lib shell32.lib ole32.lib oleaut32.lib uuid.lib odbc32.lib odbccp32.lib /MANIFEST /ManifestFile:"Debug\AI.exe.intermediate.manifest" /MANIFESTUAC:"level='asInvoker' uiAccess='false'" /DEBUG /PDB:"E:\IDE\VC6.0\MyProject\CalculateComplexity\Debug\AI.pdb" /SUBSYSTEM:CONSOLE /TLBID:1 /DYNAMICBASE /NXCOMPAT /IMPLIB:"E:\IDE\VC6.0\MyProject\CalculateComplexity\Debug\AI.lib" /MACHINE:X86 Debug\AI.exe.embed.manifest.res
         Debug\AI.obj
         Debug\stdafx.obj
       Manifest:
         C:\Program Files (x86)\Microsoft SDKs\Windows\v7.0A\bin\mt.exe /nologo /verbose /out:"Debug\AI.exe.embed.manifest" /manifest Debug\AI.exe.intermediate.manifest
         所有输出均为最新。
       LinkEmbedManifest:
         所有输出均为最新。
         AI.vcxproj -> E:\IDE\VC6.0\MyProject\CalculateComplexity\Debug\AI.exe
       FinalizeBuildStatus:
         正在删除文件“Debug\AI.unsuccessfulbuild”。
         正在对“Debug\AI.lastbuildstate”执行 Touch 任务。
     1>已完成生成项目“E:\IDE\VC6.0\MyProject\CalculateComplexity\AI\AI.vcxproj”(build 个目标)的操作。

生成成功。

已用时间 00:00:02.64
